TMessagesProj/build/outputs/logs/manifest-merger-debug-report.txt
-- Merging decision tree log ---
manifest
ADDED from src/main/AndroidManifest.xml:2:1-400:12
INJECTED from src/main/AndroidManifest.xml:2:1-400:12
INJECTED from src/main/AndroidManifest.xml:2:1-400:12
INJECTED from src/main/AndroidManifest.xml:2:1-400:12
INJECTED from src/main/AndroidManifest.xml:2:1-400:12
	package
		ADDED from src/main/AndroidManifest.xml:4:5-37
		INJECTED from src/main/AndroidManifest.xml
		INJECTED from src/main/AndroidManifest.xml
	android:versionName
		INJECTED from src/main/AndroidManifest.xml
		ADDED from src/main/AndroidManifest.xml:2:1-400:12
		INJECTED from src/main/AndroidManifest.xml
	xmlns:tools
		ADDED from src/main/AndroidManifest.xml:3:11-57
	xmlns:android
		ADDED from src/main/AndroidManifest.xml:2:11-69
	android:installLocation
		ADDED from src/main/AndroidManifest.xml:5:5-35
supports-screens
ADDED from src/main/AndroidManifest.xml:7:5-12:53
	android:largeScreens
		ADDED from src/main/AndroidManifest.xml:8:23-50
	android:smallScreens
		ADDED from src/main/AndroidManifest.xml:11:23-50
	android:normalScreens
		ADDED from src/main/AndroidManifest.xml:9:23-51
	android:xlargeScreens
		ADDED from src/main/AndroidManifest.xml:12:23-51
	android:resizeable
		ADDED from src/main/AndroidManifest.xml:10:23-48
	android:anyDensity
		ADDED from src/main/AndroidManifest.xml:7:23-48
uses-feature#0x00020000
ADDED from src/main/AndroidManifest.xml:14:5-78
	android:glEsVersion
		ADDED from src/main/AndroidManifest.xml:14:19-51
	android:required
		ADDED from src/main/AndroidManifest.xml:14:52-76
uses-feature#android.hardware.telephony
ADDED from src/main/AndroidManifest.xml:15:5-88
	android:required
		ADDED from src/main/AndroidManifest.xml:15:61-85
	android:name
		ADDED from src/main/AndroidManifest.xml:15:19-60
uses-feature#android.hardware.wifi
ADDED from src/main/AndroidManifest.xml:16:5-83
	android:required
		ADDED from src/main/AndroidManifest.xml:16:56-80
	android:name
		ADDED from src/main/AndroidManifest.xml:16:19-55
uses-feature#android.hardware.screen.PORTRAIT
ADDED from src/main/AndroidManifest.xml:17:5-94
	android:required
		ADDED from src/main/AndroidManifest.xml:17:67-91
	android:name
		ADDED from src/main/AndroidManifest.xml:17:19-66
uses-feature#android.hardware.microphone
ADDED from src/main/AndroidManifest.xml:18:5-89
	android:required
		ADDED from src/main/AndroidManifest.xml:18:62-86
	android:name
		ADDED from src/main/AndroidManifest.xml:18:19-61
uses-feature#android.hardware.camera
ADDED from src/main/AndroidManifest.xml:19:5-85
	android:required
		ADDED from src/main/AndroidManifest.xml:19:58-82
	android:name
		ADDED from src/main/AndroidManifest.xml:19:19-57
uses-feature#android.hardware.camera2
ADDED from src/main/AndroidManifest.xml:20:5-86
	android:required
		ADDED from src/main/AndroidManifest.xml:20:59-83
	android:name
		ADDED from src/main/AndroidManifest.xml:20:19-58
uses-permission#android.permission.INTERNET
ADDED from src/main/AndroidManifest.xml:22:5-67
	android:name
		ADDED from src/main/AndroidManifest.xml:22:22-64
uses-permission#android.permission.FOREGROUND_SERVICE
ADDED from src/main/AndroidManifest.xml:23:5-77
	android:name
		ADDED from src/main/AndroidManifest.xml:23:22-74
uses-permission#android.permission.RECORD_AUDIO
ADDED from src/main/AndroidManifest.xml:24:5-71
	android:name
		ADDED from src/main/AndroidManifest.xml:24:22-68
uses-permission#android.permission.MODIFY_AUDIO_SETTINGS
ADDED from src/main/AndroidManifest.xml:25:5-80
	android:name
		ADDED from src/main/AndroidManifest.xml:25:22-77
uses-permission#android.permission.ACCESS_NETWORK_STATE
ADDED from src/main/AndroidManifest.xml:26:5-79
	android:name
		ADDED from src/main/AndroidManifest.xml:26:22-76
uses-permission#android.permission.ACCESS_WIFI_STATE
ADDED from src/main/AndroidManifest.xml:27:5-76
	android:name
		ADDED from src/main/AndroidManifest.xml:27:22-73
uses-permission#android.permission.WAKE_LOCK
ADDED from src/main/AndroidManifest.xml:28:5-68
	android:name
		ADDED from src/main/AndroidManifest.xml:28:22-65
uses-permission#android.permission.READ_EXTERNAL_STORAGE
ADDED from src/main/AndroidManifest.xml:29:5-79
	android:name
		ADDED from src/main/AndroidManifest.xml:29:22-77
uses-permission#android.permission.GET_ACCOUNTS
ADDED from src/main/AndroidManifest.xml:30:5-71
	android:name
		ADDED from src/main/AndroidManifest.xml:30:22-68
uses-permission#android.permission.READ_CONTACTS
ADDED from src/main/AndroidManifest.xml:31:5-72
	android:name
		ADDED from src/main/AndroidManifest.xml:31:22-69
uses-permission#android.permission.WRITE_CONTACTS
ADDED from src/main/AndroidManifest.xml:32:5-73
	android:name
		ADDED from src/main/AndroidManifest.xml:32:22-70
uses-permission#android.permission.MANAGE_ACCOUNTS
ADDED from src/main/AndroidManifest.xml:33:5-73
	android:name
		ADDED from src/main/AndroidManifest.xml:33:22-71
uses-permission#android.permission.READ_PROFILE
ADDED from src/main/AndroidManifest.xml:34:5-70
	android:name
		ADDED from src/main/AndroidManifest.xml:34:22-68
uses-permission#android.permission.WRITE_SYNC_SETTINGS
ADDED from src/main/AndroidManifest.xml:35:5-77
	android:name
		ADDED from src/main/AndroidManifest.xml:35:22-75
uses-permission#android.permission.READ_SYNC_SETTINGS
ADDED from src/main/AndroidManifest.xml:36:5-76
	android:name
		ADDED from src/main/AndroidManifest.xml:36:22-74
uses-permission#android.permission.AUTHENTICATE_ACCOUNTS
ADDED from src/main/AndroidManifest.xml:37:5-79
	android:name
		ADDED from src/main/AndroidManifest.xml:37:22-77
uses-permission#android.permission.VIBRATE
ADDED from src/main/AndroidManifest.xml:38:5-66
	android:name
		ADDED from src/main/AndroidManifest.xml:38:22-63
uses-permission#android.permission.SYSTEM_ALERT_WINDOW
ADDED from src/main/AndroidManifest.xml:39:5-78
	android:name
		ADDED from src/main/AndroidManifest.xml:39:22-75
uses-permission#android.permission.READ_PHONE_STATE
ADDED from src/main/AndroidManifest.xml:40:5-75
	android:name
		ADDED from src/main/AndroidManifest.xml:40:22-72
uses-permission#android.permission.RECEIVE_BOOT_COMPLETED
ADDED from src/main/AndroidManifest.xml:41:5-81
	android:name
		ADDED from src/main/AndroidManifest.xml:41:22-78
uses-permission#android.permission.USE_FINGERPRINT
ADDED from src/main/AndroidManifest.xml:42:5-74
	android:name
		ADDED from src/main/AndroidManifest.xml:42:22-71
uses-permission#android.permission.INSTALL_SHORTCUT
ADDED from src/main/AndroidManifest.xml:43:5-75
	android:name
		ADDED from src/main/AndroidManifest.xml:43:22-72
uses-permission#com.android.launcher.permission.INSTALL_SHORTCUT
ADDED from src/main/AndroidManifest.xml:44:5-88
	android:name
		ADDED from src/main/AndroidManifest.xml:44:22-85
uses-permission#com.android.launcher.permission.UNINSTALL_SHORTCUT
ADDED from src/main/AndroidManifest.xml:45:5-89
	android:name
		ADDED from src/main/AndroidManifest.xml:45:22-87
uses-permission#android.permission.CAMERA
ADDED from src/main/AndroidManifest.xml:46:5-65
	android:name
		ADDED from src/main/AndroidManifest.xml:46:22-62
uses-permission#android.permission.BLUETOOTH
ADDED from src/main/AndroidManifest.xml:47:5-68
	android:name
		ADDED from src/main/AndroidManifest.xml:47:22-65
uses-permission#android.permission.MANAGE_OWN_CALLS
ADDED from src/main/AndroidManifest.xml:48:5-74
	android:name
		ADDED from src/main/AndroidManifest.xml:48:22-72
uses-permission#com.sec.android.provider.badge.permission.READ
ADDED from src/main/AndroidManifest.xml:50:5-85
	android:name
		ADDED from src/main/AndroidManifest.xml:50:22-83
uses-permission#com.sec.android.provider.badge.permission.WRITE
ADDED from src/main/AndroidManifest.xml:51:5-86
	android:name
		ADDED from src/main/AndroidManifest.xml:51:22-84
uses-permission#com.htc.launcher.permission.READ_SETTINGS
ADDED from src/main/AndroidManifest.xml:52:5-80
	android:name
		ADDED from src/main/AndroidManifest.xml:52:22-78
uses-permission#com.htc.launcher.permission.UPDATE_SHORTCUT
ADDED from src/main/AndroidManifest.xml:53:5-82
	android:name
		ADDED from src/main/AndroidManifest.xml:53:22-80
uses-permission#com.sonyericsson.home.permission.BROADCAST_BADGE
ADDED from src/main/AndroidManifest.xml:54:5-87
	android:name
		ADDED from src/main/AndroidManifest.xml:54:22-85
uses-permission#com.sonymobile.home.permission.PROVIDER_INSERT_BADGE
ADDED from src/main/AndroidManifest.xml:55:5-91
	android:name
		ADDED from src/main/AndroidManifest.xml:55:22-89
uses-permission#com.anddoes.launcher.permission.UPDATE_COUNT
ADDED from src/main/AndroidManifest.xml:56:5-83
	android:name
		ADDED from src/main/AndroidManifest.xml:56:22-81
uses-permission#com.majeur.launcher.permission.UPDATE_BADGE
ADDED from src/main/AndroidManifest.xml:57:5-82
	android:name
		ADDED from src/main/AndroidManifest.xml:57:22-80
uses-permission#com.huawei.android.launcher.permission.CHANGE_BADGE
ADDED from src/main/AndroidManifest.xml:58:5-90
	android:name
		ADDED from src/main/AndroidManifest.xml:58:22-88
uses-permission#com.huawei.android.launcher.permission.READ_SETTINGS
ADDED from src/main/AndroidManifest.xml:59:5-91
	android:name
		ADDED from src/main/AndroidManifest.xml:59:22-89
uses-permission#com.huawei.android.launcher.permission.WRITE_SETTINGS
ADDED from src/main/AndroidManifest.xml:60:5-92
	android:name
		ADDED from src/main/AndroidManifest.xml:60:22-90
uses-permission#android.permission.READ_APP_BADGE
ADDED from src/main/AndroidManifest.xml:61:5-72
	android:name
		ADDED from src/main/AndroidManifest.xml:61:22-70
uses-permission#com.oppo.launcher.permission.READ_SETTINGS
ADDED from src/main/AndroidManifest.xml:62:5-81
	android:name
		ADDED from src/main/AndroidManifest.xml:62:22-79
uses-permission#com.oppo.launcher.permission.WRITE_SETTINGS
ADDED from src/main/AndroidManifest.xml:63:5-82
	android:name
		ADDED from src/main/AndroidManifest.xml:63:22-80
uses-permission#me.everything.badger.permission.BADGE_COUNT_READ
ADDED from src/main/AndroidManifest.xml:64:5-87
	android:name
		ADDED from src/main/AndroidManifest.xml:64:22-85
uses-permission#me.everything.badger.permission.BADGE_COUNT_WRITE
ADDED from src/main/AndroidManifest.xml:65:5-88
	android:name
		ADDED from src/main/AndroidManifest.xml:65:22-86
uses-permission#android.permission.WRITE_EXTERNAL_STORAGE
ADDED from src/main/AndroidManifest.xml:67:5-102
	tools:node
		ADDED from src/main/AndroidManifest.xml:67:79-99
	android:name
		ADDED from src/main/AndroidManifest.xml:67:22-78
application
ADDED from src/main/AndroidManifest.xml:78:5-398:19
	xmlns:tools
		ADDED from src/main/AndroidManifest.xml:79:13-59
activity#org.telegram.ui.LaunchActivity
ADDED from src/main/AndroidManifest.xml:82:9-146:20
	android:launchMode
		ADDED from src/main/AndroidManifest.xml:86:13-44
	android:hardwareAccelerated
		ADDED from src/main/AndroidManifest.xml:85:13-72
	android:windowSoftInputMode
		ADDED from src/main/AndroidManifest.xml:87:13-52
	android:configChanges
		ADDED from src/main/AndroidManifest.xml:84:13-83
	android:name
		ADDED from src/main/AndroidManifest.xml:83:13-58
intent-filter#action:name:android.intent.action.SEND+category:name:android.intent.category.DEFAULT+data:mimeType:image/*
ADDED from src/main/AndroidManifest.xml:93:13-97:29
action#android.intent.action.SEND
ADDED from src/main/AndroidManifest.xml:94:17-68
	android:name
		ADDED from src/main/AndroidManifest.xml:94:25-66
category#android.intent.category.DEFAULT
ADDED from src/main/AndroidManifest.xml:95:17-75
	android:name
		ADDED from src/main/AndroidManifest.xml:95:27-73
data
ADDED from src/main/AndroidManifest.xml:96:17-51
	android:host
		ADDED from src/main/AndroidManifest.xml:132:23-49
	android:scheme
		ADDED from src/main/AndroidManifest.xml:132:50-71
	android:mimeType
		ADDED from src/main/AndroidManifest.xml:96:23-49
intent-filter#action:name:android.intent.action.SEND+category:name:android.intent.category.DEFAULT+data:mimeType:video/*
ADDED from src/main/AndroidManifest.xml:98:13-102:29
intent-filter#action:name:android.intent.action.SEND_MULTIPLE+category:name:android.intent.category.DEFAULT+data:mimeType:image/*
ADDED from src/main/AndroidManifest.xml:103:13-107:29
action#android.intent.action.SEND_MULTIPLE
ADDED from src/main/AndroidManifest.xml:104:17-77
	android:name
		ADDED from src/main/AndroidManifest.xml:104:25-75
intent-filter#action:name:android.intent.action.SEND+category:name:android.intent.category.DEFAULT+data:mimeType:text/plain
ADDED from src/main/AndroidManifest.xml:108:13-112:29
intent-filter#action:name:android.intent.action.SEND+category:name:android.intent.category.DEFAULT+data:mimeType:*/*
ADDED from src/main/AndroidManifest.xml:113:13-117:29
intent-filter#action:name:android.intent.action.SEND_MULTIPLE+category:name:android.intent.category.DEFAULT+data:mimeType:*/*
ADDED from src/main/AndroidManifest.xml:118:13-122:29
intent-filter#action:name:android.intent.action.VIEW+category:name:android.intent.category.BROWSABLE+category:name:android.intent.category.DEFAULT+data:host:t.me+data:host:t.me+data:host:telegram.dog+data:host:telegram.dog+data:host:telegram.me+data:host:telegram.me+data:scheme:http+data:scheme:http+data:scheme:http+data:scheme:https+data:scheme:https+data:scheme:https
ADDED from src/main/AndroidManifest.xml:128:13-138:29
action#android.intent.action.VIEW
ADDED from src/main/AndroidManifest.xml:129:17-68
	android:name
		ADDED from src/main/AndroidManifest.xml:129:25-66
category#android.intent.category.BROWSABLE
ADDED from src/main/AndroidManifest.xml:131:17-78
	android:name
		ADDED from src/main/AndroidManifest.xml:131:27-75
intent-filter#action:name:android.intent.action.VIEW+category:name:android.intent.category.BROWSABLE+category:name:android.intent.category.DEFAULT+data:scheme:tg
ADDED from src/main/AndroidManifest.xml:139:13-144:29
	android:roundIcon
		ADDED from src/main/AndroidManifest.xml:139:63-108
	android:priority
		ADDED from src/main/AndroidManifest.xml:139:109-129
	android:icon
		ADDED from src/main/AndroidManifest.xml:139:28-62
meta-data#android.service.chooser.chooser_target_service
ADDED from src/main/AndroidManifest.xml:145:13-128
	android:value
		ADDED from src/main/AndroidManifest.xml:145:86-125
	android:name
		ADDED from src/main/AndroidManifest.xml:145:24-85
activity#org.telegram.ui.ShareActivity
ADDED from src/main/AndroidManifest.xml:147:9-161:20
	android:stateNotNeeded
		ADDED from src/main/AndroidManifest.xml:153:13-42
	android:excludeFromRecents
		ADDED from src/main/AndroidManifest.xml:152:13-46
	android:hardwareAccelerated
		ADDED from src/main/AndroidManifest.xml:150:13-72
	android:windowSoftInputMode
		ADDED from src/main/AndroidManifest.xml:151:13-52
	android:configChanges
		ADDED from src/main/AndroidManifest.xml:149:13-83
	android:theme
		ADDED from src/main/AndroidManifest.xml:154:13-63
	android:name
		ADDED from src/main/AndroidManifest.xml:148:13-57
intent-filter#action:name:android.intent.action.VIEW+category:name:android.intent.category.BROWSABLE+category:name:android.intent.category.DEFAULT+data:scheme:tgb
ADDED from src/main/AndroidManifest.xml:155:13-160:29
	android:roundIcon
		ADDED from src/main/AndroidManifest.xml:155:63-108
	android:priority
		ADDED from src/main/AndroidManifest.xml:155:109-129
	android:icon
		ADDED from src/main/AndroidManifest.xml:155:28-62
activity#org.telegram.ui.ExternalActionActivity
ADDED from src/main/AndroidManifest.xml:162:9-171:20
	android:hardwareAccelerated
		ADDED from src/main/AndroidManifest.xml:165:13-72
	android:windowSoftInputMode
		ADDED from src/main/AndroidManifest.xml:166:13-52
	android:configChanges
		ADDED from src/main/AndroidManifest.xml:164:13-83
	android:name
		ADDED from src/main/AndroidManifest.xml:163:13-66
intent-filter#action:name:org.telegram.passport.AUTHORIZE+category:name:android.intent.category.DEFAULT
ADDED from src/main/AndroidManifest.xml:167:13-170:29
	android:roundIcon
		ADDED from src/main/AndroidManifest.xml:167:63-108
	android:icon
		ADDED from src/main/AndroidManifest.xml:167:28-62
action#org.telegram.passport.AUTHORIZE
ADDED from src/main/AndroidManifest.xml:168:17-73
	android:name
		ADDED from src/main/AndroidManifest.xml:168:25-71
activity#org.telegram.ui.IntroActivity
ADDED from src/main/AndroidManifest.xml:172:9-176:20
	android:launchMode
		ADDED from src/main/AndroidManifest.xml:174:13-44
	android:configChanges
		ADDED from src/main/AndroidManifest.xml:175:13-83
	android:name
		ADDED from src/main/AndroidManifest.xml:173:13-57
activity#org.telegram.messenger.OpenChatReceiver
ADDED from src/main/AndroidManifest.xml:177:9-181:20
	android:exported
		ADDED from src/main/AndroidManifest.xml:180:13-36
	android:configChanges
		ADDED from src/main/AndroidManifest.xml:179:13-83
	android:name
		ADDED from src/main/AndroidManifest.xml:178:13-67
activity#org.telegram.ui.PopupNotificationActivity
ADDED from src/main/AndroidManifest.xml:182:9-191:20
	android:excludeFromRecents
		ADDED from src/main/AndroidManifest.xml:185:13-46
	android:launchMode
		ADDED from src/main/AndroidManifest.xml:186:13-44
	android:windowSoftInputMode
		ADDED from src/main/AndroidManifest.xml:190:13-67
	android:resizeableActivity
		ADDED from src/main/AndroidManifest.xml:189:13-47
	android:configChanges
		ADDED from src/main/AndroidManifest.xml:184:13-133
	android:theme
		ADDED from src/main/AndroidManifest.xml:188:13-69
	android:taskAffinity
		ADDED from src/main/AndroidManifest.xml:187:13-36
	android:name
		ADDED from src/main/AndroidManifest.xml:183:13-69
activity#org.telegram.ui.VoIPActivity
ADDED from src/main/AndroidManifest.xml:192:9-198:20
	android:excludeFromRecents
		ADDED from src/main/AndroidManifest.xml:195:13-46
	android:windowSoftInputMode
		ADDED from src/main/AndroidManifest.xml:196:13-56
	android:configChanges
		ADDED from src/main/AndroidManifest.xml:194:13-83
	android:taskAffinity
		ADDED from src/main/AndroidManifest.xml:197:4-48
	android:name
		ADDED from src/main/AndroidManifest.xml:193:13-56
activity#org.telegram.ui.VoIPGroupActivity
ADDED from src/main/AndroidManifest.xml:199:9-205:20
	android:excludeFromRecents
		ADDED from src/main/AndroidManifest.xml:202:13-46
	android:windowSoftInputMode
		ADDED from src/main/AndroidManifest.xml:203:4-47
	android:configChanges
		ADDED from src/main/AndroidManifest.xml:201:13-83
	android:taskAffinity
		ADDED from src/main/AndroidManifest.xml:204:13-57
	android:name
		ADDED from src/main/AndroidManifest.xml:200:13-61
activity#org.telegram.ui.VoIPPermissionActivity
ADDED from src/main/AndroidManifest.xml:206:9-210:69
	android:excludeFromRecents
		ADDED from src/main/AndroidManifest.xml:209:19-52
	android:configChanges
		ADDED from src/main/AndroidManifest.xml:207:19-89
	android:theme
		ADDED from src/main/AndroidManifest.xml:210:17-67
	android:taskAffinity
		ADDED from src/main/AndroidManifest.xml:208:19-63
	android:name
		ADDED from src/main/AndroidManifest.xml:206:19-72
activity#org.telegram.ui.VoIPFeedbackActivity
ADDED from src/main/AndroidManifest.xml:211:9-215:79
	android:excludeFromRecents
		ADDED from src/main/AndroidManifest.xml:214:19-52
	android:configChanges
		ADDED from src/main/AndroidManifest.xml:212:19-89
	android:theme
		ADDED from src/main/AndroidManifest.xml:215:17-77
	android:taskAffinity
		ADDED from src/main/AndroidManifest.xml:213:7-60
	android:name
		ADDED from src/main/AndroidManifest.xml:211:19-70
receiver#org.telegram.messenger.AutoMessageHeardReceiver
ADDED from src/main/AndroidManifest.xml:217:9-223:20
	android:exported
		ADDED from src/main/AndroidManifest.xml:219:13-37
	android:name
		ADDED from src/main/AndroidManifest.xml:218:13-53
intent-filter#action:name:org.telegram.messenger.ACTION_MESSAGE_HEARD
ADDED from src/main/AndroidManifest.xml:220:13-222:29
action#org.telegram.messenger.ACTION_MESSAGE_HEARD
ADDED from src/main/AndroidManifest.xml:221:17-85
	android:name
		ADDED from src/main/AndroidManifest.xml:221:25-83
receiver#org.telegram.messenger.AutoMessageReplyReceiver
ADDED from src/main/AndroidManifest.xml:225:9-231:20
	android:exported
		ADDED from src/main/AndroidManifest.xml:227:13-37
	android:name
		ADDED from src/main/AndroidManifest.xml:226:13-53
intent-filter#action:name:org.telegram.messenger.ACTION_MESSAGE_REPLY
ADDED from src/main/AndroidManifest.xml:228:13-230:29
action#org.telegram.messenger.ACTION_MESSAGE_REPLY
ADDED from src/main/AndroidManifest.xml:229:17-85
	android:name
		ADDED from src/main/AndroidManifest.xml:229:25-83
receiver#org.telegram.messenger.SmsReceiver
ADDED from src/main/AndroidManifest.xml:233:9-239:20
	android:exported
		ADDED from src/main/AndroidManifest.xml:235:13-36
	android:name
		ADDED from src/main/AndroidManifest.xml:234:13-40
intent-filter#action:name:com.google.android.gms.auth.api.phone.SMS_RETRIEVED
ADDED from src/main/AndroidManifest.xml:236:13-238:29
action#com.google.android.gms.auth.api.phone.SMS_RETRIEVED
ADDED from src/main/AndroidManifest.xml:237:17-93
	android:name
		ADDED from src/main/AndroidManifest.xml:237:25-91
receiver#org.telegram.messenger.CallReceiver
ADDED from src/main/AndroidManifest.xml:241:9-245:20
	android:name
		ADDED from src/main/AndroidManifest.xml:241:19-47
intent-filter#action:name:android.intent.action.PHONE_STATE
ADDED from src/main/AndroidManifest.xml:242:13-244:29
action#android.intent.action.PHONE_STATE
ADDED from src/main/AndroidManifest.xml:243:17-75
	android:name
		ADDED from src/main/AndroidManifest.xml:243:25-73
service#org.telegram.messenger.AuthenticatorService
ADDED from src/main/AndroidManifest.xml:247:9-253:19
	android:exported
		ADDED from src/main/AndroidManifest.xml:247:55-78
	android:name
		ADDED from src/main/AndroidManifest.xml:247:18-54
intent-filter#action:name:android.accounts.AccountAuthenticator
ADDED from src/main/AndroidManifest.xml:248:13-250:29
action#android.accounts.AccountAuthenticator
ADDED from src/main/AndroidManifest.xml:249:17-79
	android:name
		ADDED from src/main/AndroidManifest.xml:249:25-77
meta-data#android.accounts.AccountAuthenticator
ADDED from src/main/AndroidManifest.xml:251:13-252:47
	android:resource
		ADDED from src/main/AndroidManifest.xml:252:17-45
	android:name
		ADDED from src/main/AndroidManifest.xml:251:24-76
service#org.telegram.messenger.ContactsSyncAdapterService
ADDED from src/main/AndroidManifest.xml:255:9-263:19
	android:exported
		ADDED from src/main/AndroidManifest.xml:255:61-84
	android:name
		ADDED from src/main/AndroidManifest.xml:255:18-60
intent-filter#action:name:android.content.SyncAdapter
ADDED from src/main/AndroidManifest.xml:256:13-258:29
action#android.content.SyncAdapter
ADDED from src/main/AndroidManifest.xml:257:17-70
	android:name
		ADDED from src/main/AndroidManifest.xml:257:25-67
meta-data#android.content.SyncAdapter
ADDED from src/main/AndroidManifest.xml:259:13-260:57
	android:resource
		ADDED from src/main/AndroidManifest.xml:260:17-54
	android:name
		ADDED from src/main/AndroidManifest.xml:259:24-66
meta-data#android.provider.CONTACTS_STRUCTURE
ADDED from src/main/AndroidManifest.xml:261:13-262:52
	android:resource
		ADDED from src/main/AndroidManifest.xml:262:17-49
	android:name
		ADDED from src/main/AndroidManifest.xml:261:24-74
service#org.telegram.messenger.TgChooserTargetService
ADDED from src/main/AndroidManifest.xml:265:9-272:19
	android:label
		ADDED from src/main/AndroidManifest.xml:267:13-44
	android:permission
		ADDED from src/main/AndroidManifest.xml:268:13-80
	android:name
		ADDED from src/main/AndroidManifest.xml:266:13-73
intent-filter#action:name:android.service.chooser.ChooserTargetService
ADDED from src/main/AndroidManifest.xml:269:13-271:29
action#android.service.chooser.ChooserTargetService
ADDED from src/main/AndroidManifest.xml:270:17-87
	android:name
		ADDED from src/main/AndroidManifest.xml:270:25-84
service#org.telegram.messenger.KeepAliveJob
ADDED from src/main/AndroidManifest.xml:274:9-276:76
	android:exported
		ADDED from src/main/AndroidManifest.xml:275:18-42
	android:permission
		ADDED from src/main/AndroidManifest.xml:276:18-74
	android:name
		ADDED from src/main/AndroidManifest.xml:274:18-46
service#org.telegram.messenger.BringAppForegroundService
ADDED from src/main/AndroidManifest.xml:277:9-84
	android:enabled
		ADDED from src/main/AndroidManifest.xml:277:60-82
	android:name
		ADDED from src/main/AndroidManifest.xml:277:18-59
service#org.telegram.messenger.NotificationsService
ADDED from src/main/AndroidManifest.xml:278:9-79
	android:enabled
		ADDED from src/main/AndroidManifest.xml:278:55-77
	android:name
		ADDED from src/main/AndroidManifest.xml:278:18-54
service#org.telegram.messenger.NotificationRepeat
ADDED from src/main/AndroidManifest.xml:279:9-79
	android:exported
		ADDED from src/main/AndroidManifest.xml:279:53-77
	android:name
		ADDED from src/main/AndroidManifest.xml:279:18-52
service#org.telegram.messenger.VideoEncodingService
ADDED from src/main/AndroidManifest.xml:280:9-79
	android:enabled
		ADDED from src/main/AndroidManifest.xml:280:55-77
	android:name
		ADDED from src/main/AndroidManifest.xml:280:18-54
service#org.telegram.messenger.LocationSharingService
ADDED from src/main/AndroidManifest.xml:281:9-81
	android:enabled
		ADDED from src/main/AndroidManifest.xml:281:57-79
	android:name
		ADDED from src/main/AndroidManifest.xml:281:18-56
service#org.telegram.messenger.voip.VoIPService
ADDED from src/main/AndroidManifest.xml:282:9-75
	android:enabled
		ADDED from src/main/AndroidManifest.xml:282:51-73
	android:name
		ADDED from src/main/AndroidManifest.xml:282:18-50
service#org.telegram.messenger.MusicPlayerService
ADDED from src/main/AndroidManifest.xml:283:9-101
	android:enabled
		ADDED from src/main/AndroidManifest.xml:283:77-99
	android:exported
		ADDED from src/main/AndroidManifest.xml:283:53-76
	android:name
		ADDED from src/main/AndroidManifest.xml:283:18-52
service#org.telegram.messenger.MusicBrowserService
ADDED from src/main/AndroidManifest.xml:284:9-288:19
	android:exported
		ADDED from src/main/AndroidManifest.xml:284:54-77
	android:name
		ADDED from src/main/AndroidManifest.xml:284:18-53
intent-filter#action:name:android.media.browse.MediaBrowserService
ADDED from src/main/AndroidManifest.xml:285:13-287:29
action#android.media.browse.MediaBrowserService
ADDED from src/main/AndroidManifest.xml:286:17-82
	android:name
		ADDED from src/main/AndroidManifest.xml:286:25-80
service#org.telegram.messenger.WearDataLayerListenerService
ADDED from src/main/AndroidManifest.xml:289:9-298:19
	android:name
		ADDED from src/main/AndroidManifest.xml:289:18-62
intent-filter#action:name:com.google.android.gms.wearable.CAPABILITY_CHANGED+action:name:com.google.android.gms.wearable.CHANNEL_EVENT+action:name:com.google.android.gms.wearable.DATA_CHANGED+action:name:com.google.android.gms.wearable.MESSAGE_RECEIVED+data:host:*+data:scheme:wear
ADDED from src/main/AndroidManifest.xml:290:13-297:29
action#com.google.android.gms.wearable.DATA_CHANGED
ADDED from src/main/AndroidManifest.xml:292:17-87
	android:name
		ADDED from src/main/AndroidManifest.xml:292:25-84
action#com.google.android.gms.wearable.MESSAGE_RECEIVED
ADDED from src/main/AndroidManifest.xml:293:17-91
	android:name
		ADDED from src/main/AndroidManifest.xml:293:25-88
action#com.google.android.gms.wearable.CAPABILITY_CHANGED
ADDED from src/main/AndroidManifest.xml:294:17-93
	android:name
		ADDED from src/main/AndroidManifest.xml:294:25-90
action#com.google.android.gms.wearable.CHANNEL_EVENT
ADDED from src/main/AndroidManifest.xml:295:17-88
	android:name
		ADDED from src/main/AndroidManifest.xml:295:25-85
service#org.telegram.messenger.voip.TelegramConnectionService
ADDED from src/main/AndroidManifest.xml:299:9-303:19
	android:permission
		ADDED from src/main/AndroidManifest.xml:299:65-136
	android:name
		ADDED from src/main/AndroidManifest.xml:299:18-64
intent-filter#action:name:android.telecom.ConnectionService
ADDED from src/main/AndroidManifest.xml:300:13-302:29
action#android.telecom.ConnectionService
ADDED from src/main/AndroidManifest.xml:301:17-76
	android:name
		ADDED from src/main/AndroidManifest.xml:301:25-73
receiver#org.telegram.messenger.MusicPlayerReceiver
ADDED from src/main/AndroidManifest.xml:305:3-315:20
	android:name
		ADDED from src/main/AndroidManifest.xml:305:13-48
intent-filter#action:name:android.intent.action.MEDIA_BUTTON+action:name:android.media.AUDIO_BECOMING_NOISY+action:name:org.telegram.android.musicplayer.close+action:name:org.telegram.android.musicplayer.next+action:name:org.telegram.android.musicplayer.pause+action:name:org.telegram.android.musicplayer.play+action:name:org.telegram.android.musicplayer.previous
ADDED from src/main/AndroidManifest.xml:306:13-314:29
action#org.telegram.android.musicplayer.close
ADDED from src/main/AndroidManifest.xml:307:17-81
	android:name
		ADDED from src/main/AndroidManifest.xml:307:25-78
action#org.telegram.android.musicplayer.pause
ADDED from src/main/AndroidManifest.xml:308:17-81
	android:name
		ADDED from src/main/AndroidManifest.xml:308:25-78
action#org.telegram.android.musicplayer.next
ADDED from src/main/AndroidManifest.xml:309:17-80
	android:name
		ADDED from src/main/AndroidManifest.xml:309:25-77
action#org.telegram.android.musicplayer.play
ADDED from src/main/AndroidManifest.xml:310:17-80
	android:name
		ADDED from src/main/AndroidManifest.xml:310:25-77
action#org.telegram.android.musicplayer.previous
ADDED from src/main/AndroidManifest.xml:311:17-84
	android:name
		ADDED from src/main/AndroidManifest.xml:311:25-81
action#android.intent.action.MEDIA_BUTTON
ADDED from src/main/AndroidManifest.xml:312:17-77
	android:name
		ADDED from src/main/AndroidManifest.xml:312:25-74
action#android.media.AUDIO_BECOMING_NOISY
ADDED from src/main/AndroidManifest.xml:313:17-77
	android:name
		ADDED from src/main/AndroidManifest.xml:313:25-74
receiver#org.telegram.messenger.voip.VoIPMediaButtonReceiver
ADDED from src/main/AndroidManifest.xml:316:9-320:20
	android:name
		ADDED from src/main/AndroidManifest.xml:316:19-63
intent-filter#action:name:android.intent.action.MEDIA_BUTTON
ADDED from src/main/AndroidManifest.xml:317:13-319:29
receiver#org.telegram.messenger.AppStartReceiver
ADDED from src/main/AndroidManifest.xml:322:9-327:20